{"level":"error","message":"Cannot read property 'delete' of nullCannot read property 'delete' of null","stack":"TypeError: Cannot read property 'delete' of null\n    at C:\\Users\\WINDOWS\\Documents\\Tutorials\\vidly\\routes\\genres.js:70:11"}
{"level":"error","message":"Cannot read property 'delete' of nullCannot read property 'delete' of null","stack":"TypeError: Cannot read property 'delete' of null\n    at C:\\Users\\WINDOWS\\Documents\\Tutorials\\vidly\\routes\\genres.js:70:11"}
{"message":"Something failed during startup.","level":"error"}
{"message":"Something failed during startup.","level":"error"}
{"level":"error","message":"Cannot read property 'delete' of nullCannot read property 'delete' of null","stack":"TypeError: Cannot read property 'delete' of null\n    at C:\\Users\\WINDOWS\\Documents\\Tutorials\\vidly\\routes\\genres.js:70:11"}
{"level":"error","message":"Cannot read property 'delete' of nullCannot read property 'delete' of null","stack":"TypeError: Cannot read property 'delete' of null\n    at C:\\Users\\WINDOWS\\Documents\\Tutorials\\vidly\\routes\\genres.js:70:11"}
{"level":"error","message":"Cannot read property 'delete' of nullCannot read property 'delete' of null","stack":"TypeError: Cannot read property 'delete' of null\n    at C:\\Users\\WINDOWS\\Documents\\Tutorials\\vidly\\routes\\genres.js:70:11"}
{"message":"Connected to Vidly...","level":"info"}
{"message":"Connected to Vidly...","level":"info"}
{"message":"Connected to Vidly...","level":"info"}
{"message":"logger is not defined","level":"error"}
{"message":"logger is not defined","level":"error"}
{"message":"logger is not defined","level":"error"}
{"message":"Connected to Vidly...","level":"info"}
{"message":"Connected to Vidly...","level":"info"}
{"message":"Connected to Vidly...","level":"info"}
{"message":"Connected to Vidly...","level":"info"}
{"message":"Connected to Vidly...","level":"info"}
{"message":"Connected to Vidly...","level":"info"}
{"message":"Connected to Vidly...","level":"info"}
{"message":"Connected to Vidly...","level":"info"}
{"message":"Connected to Vidly...","level":"info"}
{"message":"Connected to Vidly...","level":"info"}
{"level":"error","message":"Cannot read property 'delete' of nullCannot read property 'delete' of null","stack":"TypeError: Cannot read property 'delete' of null\n    at C:\\Users\\WINDOWS\\Documents\\Tutorials\\vidly\\routes\\genres.js:70:11"}
{"message":"Connected to Vidly...","level":"info"}
{"message":"Connected to Vidly...","level":"info"}
{"message":"Connected to Vidly...","level":"info"}
{"message":"Connected to Vidly...","level":"info"}
{"message":"Connected to Vidly...","level":"info"}
{"message":"Connected to Vidly...","level":"info"}
{"message":"Connected to Vidly...","level":"info"}
{"message":"Connected to Vidly...","level":"info"}
{"message":"Connected to Vidly...","level":"info"}
{"message":"Connected to Vidly...","level":"info"}
{"stringValue":"\"5e192a1b2faaaf24d8cfa9422\"","kind":"ObjectId","value":"5e192a1b2faaaf24d8cfa9422","path":"_id","reason":{},"message":"Cast to ObjectId failed for value \"5e192a1b2faaaf24d8cfa9422\" at path \"_id\" for model \"Genre\"Cast to ObjectId failed for value \"5e192a1b2faaaf24d8cfa9422\" at path \"_id\" for model \"Genre\"","name":"CastError","level":"error","stack":"CastError: Cast to ObjectId failed for value \"5e192a1b2faaaf24d8cfa9422\" at path \"_id\" for model \"Genre\"\n    at new CastError (C:\\Users\\WINDOWS\\Documents\\Tutorials\\vidly\\node_modules\\mongoose\\lib\\error\\cast.js:39:11)\n    at ObjectId.cast (C:\\Users\\WINDOWS\\Documents\\Tutorials\\vidly\\node_modules\\mongoose\\lib\\schema\\objectid.js:246:11)\n    at ObjectId.SchemaType.applySetters (C:\\Users\\WINDOWS\\Documents\\Tutorials\\vidly\\node_modules\\mongoose\\lib\\schematype.js:975:12)\n    at ObjectId.SchemaType._castForQuery (C:\\Users\\WINDOWS\\Documents\\Tutorials\\vidly\\node_modules\\mongoose\\lib\\schematype.js:1389:15)\n    at ObjectId.SchemaType.castForQuery (C:\\Users\\WINDOWS\\Documents\\Tutorials\\vidly\\node_modules\\mongoose\\lib\\schematype.js:1379:15)\n    at ObjectId.SchemaType.castForQueryWrapper (C:\\Users\\WINDOWS\\Documents\\Tutorials\\vidly\\node_modules\\mongoose\\lib\\schematype.js:1358:15)\n    at cast (C:\\Users\\WINDOWS\\Documents\\Tutorials\\vidly\\node_modules\\mongoose\\lib\\cast.js:315:32)\n    at model.Query.Query.cast (C:\\Users\\WINDOWS\\Documents\\Tutorials\\vidly\\node_modules\\mongoose\\lib\\query.js:4683:12)\n    at model.Query.Query._castConditions (C:\\Users\\WINDOWS\\Documents\\Tutorials\\vidly\\node_modules\\mongoose\\lib\\query.js:1861:10)\n    at model.Query.<anonymous> (C:\\Users\\WINDOWS\\Documents\\Tutorials\\vidly\\node_modules\\mongoose\\lib\\query.js:2116:8)\n    at model.Query._wrappedThunk [as _findOne] (C:\\Users\\WINDOWS\\Documents\\Tutorials\\vidly\\node_modules\\mongoose\\lib\\helpers\\query\\wrapThunk.js:16:8)\n    at C:\\Users\\WINDOWS\\Documents\\Tutorials\\vidly\\node_modules\\kareem\\index.js:369:33\n    at processTicksAndRejections (internal/process/task_queues.js:75:11)"}
{"message":"Connected to mongodb://localhost:27017/vidly","level":"info"}
{"message":"Connected to mongodb://localhost:27017/vidly","level":"info"}
{"message":"Connected to mongodb://localhost:27017/vidly_test","level":"info"}
{"message":"Connected to mongodb://localhost:27017/vidly_test","level":"info"}
{"message":"Connected to mongodb://localhost:27017/vidly","level":"info"}
{"message":"Connected to mongodb://localhost:27017/vidly","level":"info"}
{"message":"Connected to mongodb://localhost:27017/vidly","level":"info"}
{"message":"Connected to mongodb://localhost:27017/vidly","level":"info"}
{"message":"Connected to mongodb://localhost:27017/vidly","level":"info"}
{"message":"Connected to mongodb://localhost:27017/vidly","level":"info"}
{"message":"Connected to mongodb://localhost:27017/vidly","level":"info"}
{"message":"Connected to mongodb://localhost:27017/vidly","level":"info"}
{"message":"Connected to mongodb://localhost:27017/vidly","level":"info"}
{"message":"Connected to mongodb://localhost:27017/vidly","level":"info"}
{"message":"Connected to mongodb://localhost:27017/vidly_test","level":"info"}
{"message":"Connected to mongodb://localhost:27017/vidly_test","level":"info"}
{"message":"Connected to mongodb://localhost:27017/vidly_test","level":"info"}
{"message":"Connected to mongodb://localhost:27017/vidly_test","level":"info"}
{"message":"Connected to mongodb://localhost:27017/vidly_test","level":"info"}
{"message":"Connected to mongodb://localhost:27017/vidly_test","level":"info"}
{"message":"Connected to mongodb://localhost:27017/vidly_test","level":"info"}
{"message":"Connected to mongodb://localhost:27017/vidly_test","level":"info"}
{"message":"Connected to mongodb://localhost:27017/vidly_test","level":"info"}
{"message":"Connected to mongodb://localhost:27017/vidly_test","level":"info"}
{"message":"Connected to mongodb://localhost:27017/vidly_test","level":"info"}
{"message":"Connected to mongodb://localhost:27017/vidly_test","level":"info"}
{"message":"Connected to mongodb://localhost:27017/vidly_test","level":"info"}
{"message":"Connected to mongodb://localhost:27017/vidly_test","level":"info"}
{"message":"Connected to mongodb://localhost:27017/vidly_test","level":"info"}
{"message":"Connected to mongodb://localhost:27017/vidly_test","level":"info"}
{"message":"Connected to mongodb://localhost:27017/vidly_test","level":"info"}
{"message":"Connected to mongodb://localhost:27017/vidly_test","level":"info"}
{"message":"Connected to mongodb://localhost:27017/vidly_test","level":"info"}
{"message":"Connected to mongodb://localhost:27017/vidly_test","level":"info"}
{"message":"Connected to mongodb://localhost:27017/vidly_test","level":"info"}
{"message":"Connected to mongodb://localhost:27017/vidly_test","level":"info"}
{"message":"Connected to mongodb://localhost:27017/vidly_test","level":"info"}
{"message":"Connected to mongodb://localhost:27017/vidly_test","level":"info"}
{"message":"Connected to mongodb://localhost:27017/vidly_test","level":"info"}
{"message":"Connected to mongodb://localhost:27017/vidly_test","level":"info"}
{"message":"Connected to mongodb://localhost:27017/vidly_test","level":"info"}
{"message":"Connected to mongodb://localhost:27017/vidly_test","level":"info"}
{"message":"Connected to mongodb://localhost:27017/vidly_test","level":"info"}
{"message":"Connected to mongodb://localhost:27017/vidly_test","level":"info"}
{"message":"Connected to mongodb://localhost:27017/vidly_test","level":"info"}
{"message":"Connected to mongodb://localhost:27017/vidly_test","level":"info"}
{"message":"Connected to mongodb://localhost:27017/vidly_test","level":"info"}
{"message":"Connected to mongodb://localhost:27017/vidly_test","level":"info"}
{"message":"Connected to mongodb://localhost:27017/vidly_test","level":"info"}
{"message":"Connected to mongodb://localhost:27017/vidly_test","level":"info"}
{"message":"Connected to mongodb://localhost:27017/vidly_test","level":"info"}
{"stringValue":"\"11234\"","kind":"ObjectId","value":"11234","path":"_id","reason":{},"message":"Cast to ObjectId failed for value \"11234\" at path \"_id\" for model \"Genre\"Cast to ObjectId failed for value \"11234\" at path \"_id\" for model \"Genre\"","name":"CastError","level":"error","stack":"CastError: Cast to ObjectId failed for value \"11234\" at path \"_id\" for model \"Genre\"\n    at new CastError (C:\\Users\\WINDOWS\\Documents\\Tutorials\\vidly\\node_modules\\mongoose\\lib\\error\\cast.js:39:11)\n    at ObjectId.Object.<anonymous>.ObjectId.cast (C:\\Users\\WINDOWS\\Documents\\Tutorials\\vidly\\node_modules\\mongoose\\lib\\schema\\objectid.js:246:11)\n    at ObjectId.Object.<anonymous>.SchemaType.applySetters (C:\\Users\\WINDOWS\\Documents\\Tutorials\\vidly\\node_modules\\mongoose\\lib\\schematype.js:975:12)\n    at ObjectId.Object.<anonymous>.SchemaType._castForQuery (C:\\Users\\WINDOWS\\Documents\\Tutorials\\vidly\\node_modules\\mongoose\\lib\\schematype.js:1389:15)\n    at ObjectId.Object.<anonymous>.SchemaType.castForQuery (C:\\Users\\WINDOWS\\Documents\\Tutorials\\vidly\\node_modules\\mongoose\\lib\\schematype.js:1379:15)\n    at ObjectId.Object.<anonymous>.SchemaType.castForQueryWrapper (C:\\Users\\WINDOWS\\Documents\\Tutorials\\vidly\\node_modules\\mongoose\\lib\\schematype.js:1358:15)\n    at cast (C:\\Users\\WINDOWS\\Documents\\Tutorials\\vidly\\node_modules\\mongoose\\lib\\cast.js:315:32)\n    at model.Query.Object.<anonymous>.Query.cast (C:\\Users\\WINDOWS\\Documents\\Tutorials\\vidly\\node_modules\\mongoose\\lib\\query.js:4683:12)\n    at model.Query.Object.<anonymous>.Query._castConditions (C:\\Users\\WINDOWS\\Documents\\Tutorials\\vidly\\node_modules\\mongoose\\lib\\query.js:1861:10)\n    at model.Query.<anonymous> (C:\\Users\\WINDOWS\\Documents\\Tutorials\\vidly\\node_modules\\mongoose\\lib\\query.js:2116:8)\n    at model.Query._wrappedThunk [as _findOne] (C:\\Users\\WINDOWS\\Documents\\Tutorials\\vidly\\node_modules\\mongoose\\lib\\helpers\\query\\wrapThunk.js:16:8)\n    at C:\\Users\\WINDOWS\\Documents\\Tutorials\\vidly\\node_modules\\kareem\\index.js:369:33\n    at processTicksAndRejections (internal/process/task_queues.js:75:11)"}
{"message":"Connected to mongodb://localhost:27017/vidly_test","level":"info"}
{"message":"Connected to mongodb://localhost:27017/vidly_test","level":"info"}
{"stringValue":"\"11234\"","kind":"ObjectId","value":"11234","path":"_id","reason":{},"message":"Cast to ObjectId failed for value \"11234\" at path \"_id\" for model \"Genre\"Cast to ObjectId failed for value \"11234\" at path \"_id\" for model \"Genre\"","name":"CastError","level":"error","stack":"CastError: Cast to ObjectId failed for value \"11234\" at path \"_id\" for model \"Genre\"\n    at new CastError (C:\\Users\\WINDOWS\\Documents\\Tutorials\\vidly\\node_modules\\mongoose\\lib\\error\\cast.js:39:11)\n    at ObjectId.Object.<anonymous>.ObjectId.cast (C:\\Users\\WINDOWS\\Documents\\Tutorials\\vidly\\node_modules\\mongoose\\lib\\schema\\objectid.js:246:11)\n    at ObjectId.Object.<anonymous>.SchemaType.applySetters (C:\\Users\\WINDOWS\\Documents\\Tutorials\\vidly\\node_modules\\mongoose\\lib\\schematype.js:975:12)\n    at ObjectId.Object.<anonymous>.SchemaType._castForQuery (C:\\Users\\WINDOWS\\Documents\\Tutorials\\vidly\\node_modules\\mongoose\\lib\\schematype.js:1389:15)\n    at ObjectId.Object.<anonymous>.SchemaType.castForQuery (C:\\Users\\WINDOWS\\Documents\\Tutorials\\vidly\\node_modules\\mongoose\\lib\\schematype.js:1379:15)\n    at ObjectId.Object.<anonymous>.SchemaType.castForQueryWrapper (C:\\Users\\WINDOWS\\Documents\\Tutorials\\vidly\\node_modules\\mongoose\\lib\\schematype.js:1358:15)\n    at cast (C:\\Users\\WINDOWS\\Documents\\Tutorials\\vidly\\node_modules\\mongoose\\lib\\cast.js:315:32)\n    at model.Query.Object.<anonymous>.Query.cast (C:\\Users\\WINDOWS\\Documents\\Tutorials\\vidly\\node_modules\\mongoose\\lib\\query.js:4683:12)\n    at model.Query.Object.<anonymous>.Query._castConditions (C:\\Users\\WINDOWS\\Documents\\Tutorials\\vidly\\node_modules\\mongoose\\lib\\query.js:1861:10)\n    at model.Query.<anonymous> (C:\\Users\\WINDOWS\\Documents\\Tutorials\\vidly\\node_modules\\mongoose\\lib\\query.js:2116:8)\n    at model.Query._wrappedThunk [as _findOne] (C:\\Users\\WINDOWS\\Documents\\Tutorials\\vidly\\node_modules\\mongoose\\lib\\helpers\\query\\wrapThunk.js:16:8)\n    at C:\\Users\\WINDOWS\\Documents\\Tutorials\\vidly\\node_modules\\kareem\\index.js:369:33\n    at processTicksAndRejections (internal/process/task_queues.js:75:11)"}
{"message":"Connected to mongodb://localhost:27017/vidly_test","level":"info"}
{"message":"Connected to mongodb://localhost:27017/vidly_test","level":"info"}
{"message":"Connected to mongodb://localhost:27017/vidly_test","level":"info"}
{"message":"Connected to mongodb://localhost:27017/vidly_test","level":"info"}
{"stringValue":"\"11234\"","kind":"ObjectId","value":"11234","path":"_id","reason":{},"message":"Cast to ObjectId failed for value \"11234\" at path \"_id\" for model \"Genre\"Cast to ObjectId failed for value \"11234\" at path \"_id\" for model \"Genre\"","name":"CastError","level":"error","stack":"CastError: Cast to ObjectId failed for value \"11234\" at path \"_id\" for model \"Genre\"\n    at new CastError (C:\\Users\\WINDOWS\\Documents\\Tutorials\\vidly\\node_modules\\mongoose\\lib\\error\\cast.js:39:11)\n    at ObjectId.Object.<anonymous>.ObjectId.cast (C:\\Users\\WINDOWS\\Documents\\Tutorials\\vidly\\node_modules\\mongoose\\lib\\schema\\objectid.js:246:11)\n    at ObjectId.Object.<anonymous>.SchemaType.applySetters (C:\\Users\\WINDOWS\\Documents\\Tutorials\\vidly\\node_modules\\mongoose\\lib\\schematype.js:975:12)\n    at ObjectId.Object.<anonymous>.SchemaType._castForQuery (C:\\Users\\WINDOWS\\Documents\\Tutorials\\vidly\\node_modules\\mongoose\\lib\\schematype.js:1389:15)\n    at ObjectId.Object.<anonymous>.SchemaType.castForQuery (C:\\Users\\WINDOWS\\Documents\\Tutorials\\vidly\\node_modules\\mongoose\\lib\\schematype.js:1379:15)\n    at ObjectId.Object.<anonymous>.SchemaType.castForQueryWrapper (C:\\Users\\WINDOWS\\Documents\\Tutorials\\vidly\\node_modules\\mongoose\\lib\\schematype.js:1358:15)\n    at cast (C:\\Users\\WINDOWS\\Documents\\Tutorials\\vidly\\node_modules\\mongoose\\lib\\cast.js:315:32)\n    at model.Query.Object.<anonymous>.Query.cast (C:\\Users\\WINDOWS\\Documents\\Tutorials\\vidly\\node_modules\\mongoose\\lib\\query.js:4683:12)\n    at model.Query.Object.<anonymous>.Query._castConditions (C:\\Users\\WINDOWS\\Documents\\Tutorials\\vidly\\node_modules\\mongoose\\lib\\query.js:1861:10)\n    at model.Query.<anonymous> (C:\\Users\\WINDOWS\\Documents\\Tutorials\\vidly\\node_modules\\mongoose\\lib\\query.js:2116:8)\n    at model.Query._wrappedThunk [as _findOne] (C:\\Users\\WINDOWS\\Documents\\Tutorials\\vidly\\node_modules\\mongoose\\lib\\helpers\\query\\wrapThunk.js:16:8)\n    at C:\\Users\\WINDOWS\\Documents\\Tutorials\\vidly\\node_modules\\kareem\\index.js:369:33\n    at processTicksAndRejections (internal/process/task_queues.js:75:11)"}
{"message":"Connected to mongodb://localhost:27017/vidly_test","level":"info"}
{"stringValue":"\"11234\"","kind":"ObjectId","value":"11234","path":"_id","reason":{},"message":"Cast to ObjectId failed for value \"11234\" at path \"_id\" for model \"Genre\"Cast to ObjectId failed for value \"11234\" at path \"_id\" for model \"Genre\"","name":"CastError","level":"error","stack":"CastError: Cast to ObjectId failed for value \"11234\" at path \"_id\" for model \"Genre\"\n    at new CastError (C:\\Users\\WINDOWS\\Documents\\Tutorials\\vidly\\node_modules\\mongoose\\lib\\error\\cast.js:39:11)\n    at ObjectId.Object.<anonymous>.ObjectId.cast (C:\\Users\\WINDOWS\\Documents\\Tutorials\\vidly\\node_modules\\mongoose\\lib\\schema\\objectid.js:246:11)\n    at ObjectId.Object.<anonymous>.SchemaType.applySetters (C:\\Users\\WINDOWS\\Documents\\Tutorials\\vidly\\node_modules\\mongoose\\lib\\schematype.js:975:12)\n    at ObjectId.Object.<anonymous>.SchemaType._castForQuery (C:\\Users\\WINDOWS\\Documents\\Tutorials\\vidly\\node_modules\\mongoose\\lib\\schematype.js:1389:15)\n    at ObjectId.Object.<anonymous>.SchemaType.castForQuery (C:\\Users\\WINDOWS\\Documents\\Tutorials\\vidly\\node_modules\\mongoose\\lib\\schematype.js:1379:15)\n    at ObjectId.Object.<anonymous>.SchemaType.castForQueryWrapper (C:\\Users\\WINDOWS\\Documents\\Tutorials\\vidly\\node_modules\\mongoose\\lib\\schematype.js:1358:15)\n    at cast (C:\\Users\\WINDOWS\\Documents\\Tutorials\\vidly\\node_modules\\mongoose\\lib\\cast.js:315:32)\n    at model.Query.Object.<anonymous>.Query.cast (C:\\Users\\WINDOWS\\Documents\\Tutorials\\vidly\\node_modules\\mongoose\\lib\\query.js:4683:12)\n    at model.Query.Object.<anonymous>.Query._castConditions (C:\\Users\\WINDOWS\\Documents\\Tutorials\\vidly\\node_modules\\mongoose\\lib\\query.js:1861:10)\n    at model.Query.<anonymous> (C:\\Users\\WINDOWS\\Documents\\Tutorials\\vidly\\node_modules\\mongoose\\lib\\query.js:2116:8)\n    at model.Query._wrappedThunk [as _findOne] (C:\\Users\\WINDOWS\\Documents\\Tutorials\\vidly\\node_modules\\mongoose\\lib\\helpers\\query\\wrapThunk.js:16:8)\n    at C:\\Users\\WINDOWS\\Documents\\Tutorials\\vidly\\node_modules\\kareem\\index.js:369:33\n    at processTicksAndRejections (internal/process/task_queues.js:75:11)"}
{"message":"Connected to mongodb://localhost:27017/vidly_test","level":"info"}
{"stringValue":"\"11234\"","kind":"ObjectId","value":"11234","path":"_id","reason":{},"message":"Cast to ObjectId failed for value \"11234\" at path \"_id\" for model \"Genre\"Cast to ObjectId failed for value \"11234\" at path \"_id\" for model \"Genre\"","name":"CastError","level":"error","stack":"CastError: Cast to ObjectId failed for value \"11234\" at path \"_id\" for model \"Genre\"\n    at new CastError (C:\\Users\\WINDOWS\\Documents\\Tutorials\\vidly\\node_modules\\mongoose\\lib\\error\\cast.js:39:11)\n    at ObjectId.Object.<anonymous>.ObjectId.cast (C:\\Users\\WINDOWS\\Documents\\Tutorials\\vidly\\node_modules\\mongoose\\lib\\schema\\objectid.js:246:11)\n    at ObjectId.Object.<anonymous>.SchemaType.applySetters (C:\\Users\\WINDOWS\\Documents\\Tutorials\\vidly\\node_modules\\mongoose\\lib\\schematype.js:975:12)\n    at ObjectId.Object.<anonymous>.SchemaType._castForQuery (C:\\Users\\WINDOWS\\Documents\\Tutorials\\vidly\\node_modules\\mongoose\\lib\\schematype.js:1389:15)\n    at ObjectId.Object.<anonymous>.SchemaType.castForQuery (C:\\Users\\WINDOWS\\Documents\\Tutorials\\vidly\\node_modules\\mongoose\\lib\\schematype.js:1379:15)\n    at ObjectId.Object.<anonymous>.SchemaType.castForQueryWrapper (C:\\Users\\WINDOWS\\Documents\\Tutorials\\vidly\\node_modules\\mongoose\\lib\\schematype.js:1358:15)\n    at cast (C:\\Users\\WINDOWS\\Documents\\Tutorials\\vidly\\node_modules\\mongoose\\lib\\cast.js:315:32)\n    at model.Query.Object.<anonymous>.Query.cast (C:\\Users\\WINDOWS\\Documents\\Tutorials\\vidly\\node_modules\\mongoose\\lib\\query.js:4683:12)\n    at model.Query.Object.<anonymous>.Query._castConditions (C:\\Users\\WINDOWS\\Documents\\Tutorials\\vidly\\node_modules\\mongoose\\lib\\query.js:1861:10)\n    at model.Query.<anonymous> (C:\\Users\\WINDOWS\\Documents\\Tutorials\\vidly\\node_modules\\mongoose\\lib\\query.js:2116:8)\n    at model.Query._wrappedThunk [as _findOne] (C:\\Users\\WINDOWS\\Documents\\Tutorials\\vidly\\node_modules\\mongoose\\lib\\helpers\\query\\wrapThunk.js:16:8)\n    at C:\\Users\\WINDOWS\\Documents\\Tutorials\\vidly\\node_modules\\kareem\\index.js:369:33\n    at processTicksAndRejections (internal/process/task_queues.js:75:11)"}
{"message":"Connected to mongodb://localhost:27017/vidly_test","level":"info"}
{"stringValue":"\"11234\"","kind":"ObjectId","value":"11234","path":"_id","reason":{},"message":"Cast to ObjectId failed for value \"11234\" at path \"_id\" for model \"Genre\"Cast to ObjectId failed for value \"11234\" at path \"_id\" for model \"Genre\"","name":"CastError","level":"error","stack":"CastError: Cast to ObjectId failed for value \"11234\" at path \"_id\" for model \"Genre\"\n    at new CastError (C:\\Users\\WINDOWS\\Documents\\Tutorials\\vidly\\node_modules\\mongoose\\lib\\error\\cast.js:39:11)\n    at ObjectId.Object.<anonymous>.ObjectId.cast (C:\\Users\\WINDOWS\\Documents\\Tutorials\\vidly\\node_modules\\mongoose\\lib\\schema\\objectid.js:246:11)\n    at ObjectId.Object.<anonymous>.SchemaType.applySetters (C:\\Users\\WINDOWS\\Documents\\Tutorials\\vidly\\node_modules\\mongoose\\lib\\schematype.js:975:12)\n    at ObjectId.Object.<anonymous>.SchemaType._castForQuery (C:\\Users\\WINDOWS\\Documents\\Tutorials\\vidly\\node_modules\\mongoose\\lib\\schematype.js:1389:15)\n    at ObjectId.Object.<anonymous>.SchemaType.castForQuery (C:\\Users\\WINDOWS\\Documents\\Tutorials\\vidly\\node_modules\\mongoose\\lib\\schematype.js:1379:15)\n    at ObjectId.Object.<anonymous>.SchemaType.castForQueryWrapper (C:\\Users\\WINDOWS\\Documents\\Tutorials\\vidly\\node_modules\\mongoose\\lib\\schematype.js:1358:15)\n    at cast (C:\\Users\\WINDOWS\\Documents\\Tutorials\\vidly\\node_modules\\mongoose\\lib\\cast.js:315:32)\n    at model.Query.Object.<anonymous>.Query.cast (C:\\Users\\WINDOWS\\Documents\\Tutorials\\vidly\\node_modules\\mongoose\\lib\\query.js:4683:12)\n    at model.Query.Object.<anonymous>.Query._castConditions (C:\\Users\\WINDOWS\\Documents\\Tutorials\\vidly\\node_modules\\mongoose\\lib\\query.js:1861:10)\n    at model.Query.<anonymous> (C:\\Users\\WINDOWS\\Documents\\Tutorials\\vidly\\node_modules\\mongoose\\lib\\query.js:2116:8)\n    at model.Query._wrappedThunk [as _findOne] (C:\\Users\\WINDOWS\\Documents\\Tutorials\\vidly\\node_modules\\mongoose\\lib\\helpers\\query\\wrapThunk.js:16:8)\n    at C:\\Users\\WINDOWS\\Documents\\Tutorials\\vidly\\node_modules\\kareem\\index.js:369:33\n    at processTicksAndRejections (internal/process/task_queues.js:75:11)"}
{"message":"Connected to mongodb://localhost:27017/vidly_test","level":"info"}
{"message":"Connected to mongodb://localhost:27017/vidly_test","level":"info"}
{"message":"Connected to mongodb://localhost:27017/vidly_test","level":"info"}
{"message":"Connected to mongodb://localhost:27017/vidly_test","level":"info"}
{"message":"Connected to mongodb://localhost:27017/vidly_test","level":"info"}
{"message":"Connected to mongodb://localhost:27017/vidly_test","level":"info"}
{"message":"Connected to mongodb://localhost:27017/vidly_test","level":"info"}
{"message":"Connected to mongodb://localhost:27017/vidly_test","level":"info"}
{"message":"Connected to mongodb://localhost:27017/vidly_test","level":"info"}
{"message":"Connected to mongodb://localhost:27017/vidly_test","level":"info"}
{"message":"Connected to mongodb://localhost:27017/vidly_test","level":"info"}
{"message":"Connected to mongodb://localhost:27017/vidly_test","level":"info"}
{"errors":{"name":{"message":"Path `name` (`gene`) is shorter than the minimum allowed length (5).","name":"ValidatorError","properties":{"message":"Path `name` (`gene`) is shorter than the minimum allowed length (5).","type":"minlength","minlength":5,"path":"name","value":"gene"},"kind":"minlength","path":"name","value":"gene"}},"_message":"Genre validation failed","message":"Genre validation failed: name: Path `name` (`gene`) is shorter than the minimum allowed length (5).Genre validation failed: name: Path `name` (`gene`) is shorter than the minimum allowed length (5).","name":"ValidationError","level":"error","stack":"ValidationError: Genre validation failed: name: Path `name` (`gene`) is shorter than the minimum allowed length (5).\n    at new ValidationError (C:\\Users\\WINDOWS\\Documents\\Tutorials\\vidly\\node_modules\\mongoose\\lib\\error\\validation.js:31:11)\n    at model.Object.<anonymous>.Document.invalidate (C:\\Users\\WINDOWS\\Documents\\Tutorials\\vidly\\node_modules\\mongoose\\lib\\document.js:2481:32)\n    at p.doValidate.skipSchemaValidators (C:\\Users\\WINDOWS\\Documents\\Tutorials\\vidly\\node_modules\\mongoose\\lib\\document.js:2330:17)\n    at C:\\Users\\WINDOWS\\Documents\\Tutorials\\vidly\\node_modules\\mongoose\\lib\\schematype.js:1064:9\n    at processTicksAndRejections (internal/process/task_queues.js:75:11)"}
{"message":"Connected to mongodb://localhost:27017/vidly_test","level":"info"}
{"errors":{"name":{"message":"Path `name` (`gene`) is shorter than the minimum allowed length (5).","name":"ValidatorError","properties":{"message":"Path `name` (`gene`) is shorter than the minimum allowed length (5).","type":"minlength","minlength":5,"path":"name","value":"gene"},"kind":"minlength","path":"name","value":"gene"}},"_message":"Genre validation failed","message":"Genre validation failed: name: Path `name` (`gene`) is shorter than the minimum allowed length (5).Genre validation failed: name: Path `name` (`gene`) is shorter than the minimum allowed length (5).","name":"ValidationError","level":"error","stack":"ValidationError: Genre validation failed: name: Path `name` (`gene`) is shorter than the minimum allowed length (5).\n    at new ValidationError (C:\\Users\\WINDOWS\\Documents\\Tutorials\\vidly\\node_modules\\mongoose\\lib\\error\\validation.js:31:11)\n    at model.Object.<anonymous>.Document.invalidate (C:\\Users\\WINDOWS\\Documents\\Tutorials\\vidly\\node_modules\\mongoose\\lib\\document.js:2481:32)\n    at p.doValidate.skipSchemaValidators (C:\\Users\\WINDOWS\\Documents\\Tutorials\\vidly\\node_modules\\mongoose\\lib\\document.js:2330:17)\n    at C:\\Users\\WINDOWS\\Documents\\Tutorials\\vidly\\node_modules\\mongoose\\lib\\schematype.js:1064:9\n    at processTicksAndRejections (internal/process/task_queues.js:75:11)"}
{"message":"Connected to mongodb://localhost:27017/vidly_test","level":"info"}
{"errors":{"name":{"message":"Path `name` (`gene`) is shorter than the minimum allowed length (5).","name":"ValidatorError","properties":{"message":"Path `name` (`gene`) is shorter than the minimum allowed length (5).","type":"minlength","minlength":5,"path":"name","value":"gene"},"kind":"minlength","path":"name","value":"gene"}},"_message":"Genre validation failed","message":"Genre validation failed: name: Path `name` (`gene`) is shorter than the minimum allowed length (5).Genre validation failed: name: Path `name` (`gene`) is shorter than the minimum allowed length (5).","name":"ValidationError","level":"error","stack":"ValidationError: Genre validation failed: name: Path `name` (`gene`) is shorter than the minimum allowed length (5).\n    at new ValidationError (C:\\Users\\WINDOWS\\Documents\\Tutorials\\vidly\\node_modules\\mongoose\\lib\\error\\validation.js:31:11)\n    at model.Object.<anonymous>.Document.invalidate (C:\\Users\\WINDOWS\\Documents\\Tutorials\\vidly\\node_modules\\mongoose\\lib\\document.js:2481:32)\n    at p.doValidate.skipSchemaValidators (C:\\Users\\WINDOWS\\Documents\\Tutorials\\vidly\\node_modules\\mongoose\\lib\\document.js:2330:17)\n    at C:\\Users\\WINDOWS\\Documents\\Tutorials\\vidly\\node_modules\\mongoose\\lib\\schematype.js:1064:9\n    at processTicksAndRejections (internal/process/task_queues.js:75:11)"}
{"message":"Connected to mongodb://localhost:27017/vidly_test","level":"info"}
{"message":"Connected to mongodb://localhost:27017/vidly_test","level":"info"}
{"message":"Connected to mongodb://localhost:27017/vidly_test","level":"info"}
{"message":"Connected to mongodb://localhost:27017/vidly_test","level":"info"}
{"message":"Connected to mongodb://localhost:27017/vidly_test","level":"info"}
{"message":"Connected to mongodb://localhost:27017/vidly_test","level":"info"}
{"message":"Connected to mongodb://localhost:27017/vidly_test","level":"info"}
{"message":"Connected to mongodb://localhost:27017/vidly_test","level":"info"}
{"message":"Connected to mongodb://localhost:27017/vidly_test","level":"info"}
{"message":"Connected to mongodb://localhost:27017/vidly_test","level":"info"}
{"errors":{"name":{"message":"Path `name` (`1bc1bc1bc1bc1bc1bc1bc1bc1bc1bc1bc1bc1bc1bc1bc1bc1bc1bc1bc1bc1bc1bc1bc1bc1bc1bc1bc1bc1bc1bc1bc1bc1bc1bc1bc1bc1bc1bc1bc1bc1bc1bc1bc1bc1bc1bc1bc1bc1bc1bc1bc`) is longer than the maximum allowed length (50).","name":"ValidatorError","properties":{"message":"Path `name` (`1bc1bc1bc1bc1bc1bc1bc1bc1bc1bc1bc1bc1bc1bc1bc1bc1bc1bc1bc1bc1bc1bc1bc1bc1bc1bc1bc1bc1bc1bc1bc1bc1bc1bc1bc1bc1bc1bc1bc1bc1bc1bc1bc1bc1bc1bc1bc1bc1bc1bc1bc`) is longer than the maximum allowed length (50).","type":"maxlength","maxlength":50,"path":"name","value":"1bc1bc1bc1bc1bc1bc1bc1bc1bc1bc1bc1bc1bc1bc1bc1bc1bc1bc1bc1bc1bc1bc1bc1bc1bc1bc1bc1bc1bc1bc1bc1bc1bc1bc1bc1bc1bc1bc1bc1bc1bc1bc1bc1bc1bc1bc1bc1bc1bc1bc1bc"},"kind":"maxlength","path":"name","value":"1bc1bc1bc1bc1bc1bc1bc1bc1bc1bc1bc1bc1bc1bc1bc1bc1bc1bc1bc1bc1bc1bc1bc1bc1bc1bc1bc1bc1bc1bc1bc1bc1bc1bc1bc1bc1bc1bc1bc1bc1bc1bc1bc1bc1bc1bc1bc1bc1bc1bc1bc"}},"_message":"Genre validation failed","message":"Genre validation failed: name: Path `name` (`1bc1bc1bc1bc1bc1bc1bc1bc1bc1bc1bc1bc1bc1bc1bc1bc1bc1bc1bc1bc1bc1bc1bc1bc1bc1bc1bc1bc1bc1bc1bc1bc1bc1bc1bc1bc1bc1bc1bc1bc1bc1bc1bc1bc1bc1bc1bc1bc1bc1bc1bc`) is longer than the maximum allowed length (50).Genre validation failed: name: Path `name` (`1bc1bc1bc1bc1bc1bc1bc1bc1bc1bc1bc1bc1bc1bc1bc1bc1bc1bc1bc1bc1bc1bc1bc1bc1bc1bc1bc1bc1bc1bc1bc1bc1bc1bc1bc1bc1bc1bc1bc1bc1bc1bc1bc1bc1bc1bc1bc1bc1bc1bc1bc`) is longer than the maximum allowed length (50).","name":"ValidationError","level":"error","stack":"ValidationError: Genre validation failed: name: Path `name` (`1bc1bc1bc1bc1bc1bc1bc1bc1bc1bc1bc1bc1bc1bc1bc1bc1bc1bc1bc1bc1bc1bc1bc1bc1bc1bc1bc1bc1bc1bc1bc1bc1bc1bc1bc1bc1bc1bc1bc1bc1bc1bc1bc1bc1bc1bc1bc1bc1bc1bc1bc`) is longer than the maximum allowed length (50).\n    at new ValidationError (C:\\Users\\WINDOWS\\Documents\\Tutorials\\vidly\\node_modules\\mongoose\\lib\\error\\validation.js:31:11)\n    at model.Object.<anonymous>.Document.invalidate (C:\\Users\\WINDOWS\\Documents\\Tutorials\\vidly\\node_modules\\mongoose\\lib\\document.js:2481:32)\n    at p.doValidate.skipSchemaValidators (C:\\Users\\WINDOWS\\Documents\\Tutorials\\vidly\\node_modules\\mongoose\\lib\\document.js:2330:17)\n    at C:\\Users\\WINDOWS\\Documents\\Tutorials\\vidly\\node_modules\\mongoose\\lib\\schematype.js:1064:9\n    at processTicksAndRejections (internal/process/task_queues.js:75:11)"}
{"message":"Connected to mongodb://localhost:27017/vidly_test","level":"info"}
{"message":"Connected to mongodb://localhost:27017/vidly_test","level":"info"}
{"message":"Connected to mongodb://localhost:27017/vidly_test","level":"info"}
{"message":"Connected to mongodb://localhost:27017/vidly_test","level":"info"}
{"message":"Connected to mongodb://localhost:27017/vidly_test","level":"info"}
{"message":"Connected to mongodb://localhost:27017/vidly_test","level":"info"}
{"message":"Connected to mongodb://localhost:27017/vidly_test","level":"info"}
{"message":"Connected to mongodb://localhost:27017/vidly_test","level":"info"}
{"message":"Connected to mongodb://localhost:27017/vidly_test","level":"info"}
{"message":"Connected to mongodb://localhost:27017/vidly_test","level":"info"}
{"message":"Connected to mongodb://localhost:27017/vidly_test","level":"info"}
{"message":"Connected to mongodb://localhost:27017/vidly_test","level":"info"}
{"message":"Connected to mongodb://localhost:27017/vidly_test","level":"info"}
{"message":"Connected to mongodb://localhost:27017/vidly_test","level":"info"}
{"message":"Connected to mongodb://localhost:27017/vidly_test","level":"info"}
{"message":"Connected to mongodb://localhost:27017/vidly_test","level":"info"}
{"message":"Connected to mongodb://localhost:27017/vidly_test","level":"info"}
{"message":"Connected to mongodb://localhost:27017/vidly_test","level":"info"}
{"message":"Connected to mongodb://localhost:27017/vidly_test","level":"info"}
{"message":"Connected to mongodb://localhost:27017/vidly_test","level":"info"}
{"message":"Connected to mongodb://localhost:27017/vidly_test","level":"info"}
{"message":"Connected to mongodb://localhost:27017/vidly_test","level":"info"}
{"message":"Connected to mongodb://localhost:27017/vidly_test","level":"info"}
{"message":"Connected to mongodb://localhost:27017/vidly_test","level":"info"}
{"message":"Connected to mongodb://localhost:27017/vidly_test","level":"info"}
{"message":"Connected to mongodb://localhost:27017/vidly_test","level":"info"}
{"message":"Connected to mongodb://localhost:27017/vidly_test","level":"info"}
{"message":"Connected to mongodb://localhost:27017/vidly_test","level":"info"}
{"message":"Connected to mongodb://localhost:27017/vidly_test","level":"info"}
{"message":"Connected to mongodb://localhost:27017/vidly_test","level":"info"}
{"message":"Connected to mongodb://localhost:27017/vidly_test","level":"info"}
{"message":"Connected to mongodb://localhost:27017/vidly_test","level":"info"}
{"message":"Connected to mongodb://localhost:27017/vidly_test","level":"info"}
{"message":"Connected to mongodb://localhost:27017/vidly_test","level":"info"}
{"message":"Connected to mongodb://localhost:27017/vidly_test","level":"info"}
{"message":"Connected to mongodb://localhost:27017/vidly_test","level":"info"}
{"message":"Connected to mongodb://localhost:27017/vidly_test","level":"info"}
{"message":"Connected to mongodb://localhost:27017/vidly_test","level":"info"}
{"message":"Connected to mongodb://localhost:27017/vidly_test","level":"info"}
{"message":"Connected to mongodb://localhost:27017/vidly_test","level":"info"}
{"message":"Connected to mongodb://localhost:27017/vidly_test","level":"info"}
{"message":"Connected to mongodb://localhost:27017/vidly_test","level":"info"}
{"message":"Connected to mongodb://localhost:27017/vidly","level":"info"}
{"message":"Connected to mongodb://localhost:27017/vidly_test","level":"info"}
{"message":"Connected to mongodb://localhost:27017/vidly_test","level":"info"}
{"message":"Connected to mongodb://localhost:27017/vidly_test","level":"info"}
{"message":"Connected to mongodb://localhost:27017/vidly_test","level":"info"}
{"message":"Connected to mongodb://localhost:27017/vidly_test","level":"info"}
{"message":"Connected to mongodb://localhost:27017/vidly_test","level":"info"}
{"message":"Connected to mongodb://localhost:27017/vidly_test","level":"info"}
{"message":"Connected to mongodb://localhost:27017/vidly_test","level":"info"}
{"message":"Connected to mongodb://localhost:27017/vidly_test","level":"info"}
{"message":"Connected to mongodb://localhost:27017/vidly_test","level":"info"}
{"message":"Connected to mongodb://localhost:27017/vidly_test","level":"info"}
{"message":"Connected to mongodb://localhost:27017/vidly_test","level":"info"}
{"message":"Connected to mongodb://localhost:27017/vidly_test","level":"info"}
{"message":"Connected to mongodb://localhost:27017/vidly_test","level":"info"}
{"message":"Connected to mongodb://localhost:27017/vidly_test","level":"info"}
{"message":"Connected to mongodb://localhost:27017/vidly_test","level":"info"}
{"message":"Connected to mongodb://localhost:27017/vidly_test","level":"info"}
{"message":"Connected to mongodb://localhost:27017/vidly_test","level":"info"}
{"message":"Connected to mongodb://localhost:27017/vidly_test","level":"info"}
{"message":"Connected to mongodb://localhost:27017/vidly_test","level":"info"}
{"message":"Connected to mongodb://localhost:27017/vidly_test","level":"info"}
{"message":"Connected to mongodb://localhost:27017/vidly_test","level":"info"}
{"message":"Connected to mongodb://localhost:27017/vidly_test","level":"info"}
{"message":"Connected to mongodb://localhost:27017/vidly_test","level":"info"}
{"message":"Connected to mongodb://localhost:27017/vidly_test","level":"info"}
{"message":"Connected to mongodb://localhost:27017/vidly_test","level":"info"}
{"message":"Connected to mongodb://localhost:27017/vidly_test","level":"info"}
{"message":"Connected to mongodb://localhost:27017/vidly_test","level":"info"}
{"message":"Connected to mongodb://localhost:27017/vidly_test","level":"info"}
{"message":"Connected to mongodb://localhost:27017/vidly_test","level":"info"}
{"message":"Connected to mongodb://localhost:27017/vidly_test","level":"info"}
{"message":"Connected to mongodb://localhost:27017/vidly_test","level":"info"}
{"message":"Connected to mongodb://localhost:27017/vidly_test","level":"info"}
{"message":"Connected to mongodb://localhost:27017/vidly_test","level":"info"}
{"message":"Connected to mongodb://localhost:27017/vidly_test","level":"info"}
{"message":"Connected to mongodb://localhost:27017/vidly_test","level":"info"}
{"message":"Connected to mongodb://localhost:27017/vidly_test","level":"info"}
{"message":"Connected to mongodb://localhost:27017/vidly_test","level":"info"}
{"message":"Connected to mongodb://localhost:27017/vidly_test","level":"info"}
{"message":"Connected to mongodb://localhost:27017/vidly_test","level":"info"}
{"message":"Connected to mongodb://localhost:27017/vidly_test","level":"info"}
{"message":"Connected to mongodb://localhost:27017/vidly_test","level":"info"}
{"message":"Connected to mongodb://localhost:27017/vidly_test","level":"info"}
{"message":"Connected to mongodb://localhost:27017/vidly_test","level":"info"}
{"message":"Connected to mongodb://localhost:27017/vidly_test","level":"info"}
{"message":"Connected to mongodb://localhost:27017/vidly_test","level":"info"}
{"message":"Connected to mongodb://localhost:27017/vidly_test","level":"info"}
{"message":"Connected to mongodb://localhost:27017/vidly_test","level":"info"}
{"message":"Connected to mongodb://localhost:27017/vidly_test","level":"info"}
{"message":"Connected to mongodb://localhost:27017/vidly_test","level":"info"}
{"message":"Connected to mongodb://localhost:27017/vidly_test","level":"info"}
{"message":"Connected to mongodb://localhost:27017/vidly_test","level":"info"}
{"message":"Connected to mongodb://localhost:27017/vidly_test","level":"info"}
{"message":"Connected to mongodb://localhost:27017/vidly_test","level":"info"}
{"message":"Connected to mongodb://localhost:27017/vidly_test","level":"info"}
{"message":"Connected to mongodb://localhost:27017/vidly_test","level":"info"}
{"message":"Connected to mongodb://localhost:27017/vidly_test","level":"info"}
{"message":"Connected to mongodb://localhost:27017/vidly_test","level":"info"}
{"message":"Connected to mongodb://localhost:27017/vidly_test","level":"info"}
{"message":"Connected to mongodb://localhost:27017/vidly_test","level":"info"}
{"message":"Connected to mongodb://localhost:27017/vidly_test","level":"info"}
{"message":"Connected to mongodb://localhost:27017/vidly_test","level":"info"}
{"message":"Connected to mongodb://localhost:27017/vidly_test","level":"info"}
{"message":"Connected to mongodb://localhost:27017/vidly_test","level":"info"}
{"message":"Connected to mongodb://localhost:27017/vidly_test","level":"info"}
{"message":"Connected to mongodb://localhost:27017/vidly_test","level":"info"}
{"message":"Connected to mongodb://localhost:27017/vidly_test","level":"info"}
{"message":"Connected to mongodb://localhost:27017/vidly_test","level":"info"}
{"message":"Connected to mongodb://localhost:27017/vidly_test","level":"info"}
{"message":"Connected to mongodb://localhost:27017/vidly_test","level":"info"}
{"message":"Connected to mongodb://localhost:27017/vidly_test","level":"info"}
{"message":"Connected to mongodb://localhost:27017/vidly_test","level":"info"}
{"message":"Connected to mongodb://localhost:27017/vidly_test","level":"info"}
{"message":"Connected to mongodb://localhost:27017/vidly_test","level":"info"}
{"message":"Connected to mongodb://localhost:27017/vidly_test","level":"info"}
{"message":"Connected to mongodb://localhost:27017/vidly_test","level":"info"}
{"message":"Connected to mongodb://localhost:27017/vidly_test","level":"info"}
{"message":"Connected to mongodb://localhost:27017/vidly_test","level":"info"}
{"message":"Connected to mongodb://localhost:27017/vidly_test","level":"info"}
{"message":"Connected to mongodb://localhost:27017/vidly_test","level":"info"}
{"message":"Connected to mongodb://localhost:27017/vidly_test","level":"info"}
{"message":"Connected to mongodb://localhost:27017/vidly_test","level":"info"}
{"message":"Connected to mongodb://localhost:27017/vidly_test","level":"info"}
{"message":"Connected to mongodb://localhost:27017/vidly_test","level":"info"}
{"message":"Connected to mongodb://localhost:27017/vidly_test","level":"info"}
{"message":"Connected to mongodb://localhost:27017/vidly_test","level":"info"}
{"message":"Connected to mongodb://localhost:27017/vidly_test","level":"info"}
{"message":"Connected to mongodb://localhost:27017/vidly_test","level":"info"}
{"message":"Connected to mongodb://localhost:27017/vidly_test","level":"info"}
{"message":"Connected to mongodb://localhost:27017/vidly_test","level":"info"}
{"message":"Connected to mongodb://localhost:27017/vidly_test","level":"info"}
{"message":"Connected to mongodb://localhost:27017/vidly_test","level":"info"}
{"message":"Connected to mongodb://localhost:27017/vidly_test","level":"info"}
{"message":"Connected to mongodb://localhost:27017/vidly_test","level":"info"}
{"message":"Connected to mongodb://localhost:27017/vidly_test","level":"info"}
{"message":"Connected to mongodb://localhost:27017/vidly_test","level":"info"}
{"message":"Connected to mongodb://localhost:27017/vidly_test","level":"info"}
{"message":"Connected to mongodb://localhost:27017/vidly_test","level":"info"}
{"message":"Connected to mongodb://localhost:27017/vidly_test","level":"info"}
{"message":"Connected to mongodb://localhost:27017/vidly_test","level":"info"}
{"message":"Connected to mongodb://localhost:27017/vidly_test","level":"info"}
{"message":"Connected to mongodb://localhost:27017/vidly_test","level":"info"}
{"message":"Connected to mongodb://localhost:27017/vidly_test","level":"info"}
{"message":"Connected to mongodb://localhost:27017/vidly_test","level":"info"}
{"message":"Connected to mongodb://localhost:27017/vidly_test","level":"info"}
{"message":"Connected to mongodb://localhost:27017/vidly_test","level":"info"}
{"message":"Connected to mongodb://localhost:27017/vidly_test","level":"info"}
{"message":"Connected to mongodb://localhost:27017/vidly_test","level":"info"}
{"message":"Connected to mongodb://localhost:27017/vidly_test","level":"info"}
{"message":"Connected to mongodb://localhost:27017/vidly_test","level":"info"}
{"message":"Connected to mongodb://localhost:27017/vidly_test","level":"info"}
{"message":"Connected to mongodb://localhost:27017/vidly_test","level":"info"}
{"message":"Connected to mongodb://localhost:27017/vidly_test","level":"info"}
{"message":"Connected to mongodb://localhost:27017/vidly_test","level":"info"}
{"message":"Connected to mongodb://localhost:27017/vidly_test","level":"info"}
{"message":"Connected to mongodb://localhost:27017/vidly_test","level":"info"}
{"message":"Connected to mongodb://localhost:27017/vidly_test","level":"info"}
{"message":"Connected to mongodb://localhost:27017/vidly_test","level":"info"}
{"message":"Connected to mongodb://localhost:27017/vidly_test","level":"info"}
{"message":"Connected to mongodb://localhost:27017/vidly_test","level":"info"}
{"message":"Connected to mongodb://localhost:27017/vidly_test","level":"info"}
{"message":"Connected to mongodb://localhost:27017/vidly_test","level":"info"}
{"message":"Connected to mongodb://localhost:27017/vidly_test","level":"info"}
{"message":"Connected to mongodb://localhost:27017/vidly_test","level":"info"}
{"message":"Connected to mongodb://localhost:27017/vidly_test","level":"info"}
{"message":"Connected to mongodb://localhost:27017/vidly_test","level":"info"}
{"message":"Connected to mongodb://localhost:27017/vidly_test","level":"info"}
{"message":"Connected to mongodb://localhost:27017/vidly_test","level":"info"}
{"message":"Connected to mongodb://localhost:27017/vidly_test","level":"info"}
{"message":"Connected to mongodb://localhost:27017/vidly_test","level":"info"}
{"message":"Connected to mongodb://localhost:27017/vidly_test","level":"info"}
{"message":"Connected to mongodb://localhost:27017/vidly_test","level":"info"}
{"message":"Connected to mongodb://localhost:27017/vidly_test","level":"info"}
{"message":"Connected to mongodb://localhost:27017/vidly_test","level":"info"}
{"message":"Connected to mongodb://localhost:27017/vidly_test","level":"info"}
{"message":"Connected to mongodb://localhost:27017/vidly_test","level":"info"}
{"message":"Connected to mongodb://localhost:27017/vidly_test","level":"info"}
{"message":"Connected to mongodb://localhost:27017/vidly_test","level":"info"}
{"message":"Connected to mongodb://localhost:27017/vidly_test","level":"info"}
{"message":"Connected to mongodb://localhost:27017/vidly_test","level":"info"}
{"message":"Connected to mongodb://localhost:27017/vidly_test","level":"info"}
{"message":"Connected to mongodb://localhost:27017/vidly_test","level":"info"}
{"message":"Connected to mongodb://localhost:27017/vidly_test","level":"info"}
{"message":"Connected to mongodb://localhost:27017/vidly_test","level":"info"}
{"message":"Connected to mongodb://localhost:27017/vidly_test","level":"info"}
{"message":"Connected to mongodb://localhost:27017/vidly_test","level":"info"}
{"message":"Connected to mongodb://localhost:27017/vidly_test","level":"info"}
{"message":"Connected to mongodb://localhost:27017/vidly_test","level":"info"}
{"message":"Connected to mongodb://localhost:27017/vidly_test","level":"info"}
{"message":"Connected to mongodb://localhost:27017/vidly_test","level":"info"}
{"message":"Connected to mongodb://localhost:27017/vidly_test","level":"info"}
{"message":"Connected to mongodb://localhost:27017/vidly_test","level":"info"}
{"message":"Connected to mongodb://localhost:27017/vidly_test","level":"info"}
{"message":"Connected to mongodb://localhost:27017/vidly_test","level":"info"}
{"message":"Connected to mongodb://localhost:27017/vidly_test","level":"info"}
{"message":"Connected to mongodb://localhost:27017/vidly_test","level":"info"}
{"message":"Connected to mongodb://localhost:27017/vidly_test","level":"info"}
{"message":"Connected to mongodb://localhost:27017/vidly_test","level":"info"}
{"message":"Connected to mongodb://localhost:27017/vidly_test","level":"info"}
{"message":"Connected to mongodb://localhost:27017/vidly_test","level":"info"}
{"message":"Connected to mongodb://localhost:27017/vidly_test","level":"info"}
{"message":"Connected to mongodb://localhost:27017/vidly_test","level":"info"}
{"message":"Connected to mongodb://localhost:27017/vidly_test","level":"info"}
{"message":"Connected to mongodb://localhost:27017/vidly_test","level":"info"}
{"message":"Connected to mongodb://localhost:27017/vidly_test","level":"info"}
{"message":"Connected to mongodb://localhost:27017/vidly_test","level":"info"}
{"message":"Connected to mongodb://localhost:27017/vidly_test","level":"info"}
{"message":"Connected to mongodb://localhost:27017/vidly_test","level":"info"}
{"message":"Connected to mongodb://localhost:27017/vidly_test","level":"info"}
{"message":"Connected to mongodb://localhost:27017/vidly_test","level":"info"}
{"message":"Connected to mongodb://localhost:27017/vidly_test","level":"info"}
{"message":"Connected to mongodb://localhost:27017/vidly_test","level":"info"}
{"message":"Connected to mongodb://localhost:27017/vidly_test","level":"info"}
{"message":"Connected to mongodb://localhost:27017/vidly_test","level":"info"}
{"message":"Connected to mongodb://localhost:27017/vidly_test","level":"info"}
{"message":"Connected to mongodb://localhost:27017/vidly_test","level":"info"}
{"message":"Connected to mongodb://localhost:27017/vidly_test","level":"info"}
{"message":"Connected to mongodb://localhost:27017/vidly_test","level":"info"}
{"message":"Connected to mongodb://localhost:27017/vidly_test","level":"info"}
{"message":"Connected to mongodb://localhost:27017/vidly_test","level":"info"}
{"message":"Connected to mongodb://localhost:27017/vidly_test","level":"info"}
{"message":"Connected to mongodb://localhost:27017/vidly_test","level":"info"}
{"message":"Connected to mongodb://localhost:27017/vidly_test","level":"info"}
{"message":"Connected to mongodb://localhost:27017/vidly_test","level":"info"}
{"message":"Connected to mongodb://localhost:27017/vidly_test","level":"info"}
{"message":"Connected to mongodb://localhost:27017/vidly_test","level":"info"}
{"message":"Connected to mongodb://localhost:27017/vidly_test","level":"info"}
{"message":"Connected to mongodb://localhost:27017/vidly_test","level":"info"}
{"message":"Connected to mongodb://localhost:27017/vidly_test","level":"info"}
{"message":"Connected to mongodb://localhost:27017/vidly_test","level":"info"}
{"message":"Connected to mongodb://localhost:27017/vidly_test","level":"info"}
{"message":"Connected to mongodb://localhost:27017/vidly_test","level":"info"}
{"message":"Connected to mongodb://localhost:27017/vidly_test","level":"info"}
{"message":"Connected to mongodb://localhost:27017/vidly_test","level":"info"}
{"message":"Connected to mongodb://localhost:27017/vidly_test","level":"info"}
{"message":"Connected to mongodb://localhost:27017/vidly_test","level":"info"}
{"message":"Connected to mongodb://localhost:27017/vidly_test","level":"info"}
{"message":"Connected to mongodb://localhost:27017/vidly_test","level":"info"}
{"message":"Connected to mongodb://localhost:27017/vidly_test","level":"info"}
{"message":"Connected to mongodb://localhost:27017/vidly_test","level":"info"}
{"message":"Connected to mongodb://localhost:27017/vidly_test","level":"info"}
{"message":"Connected to mongodb://localhost:27017/vidly_test","level":"info"}
{"message":"Connected to mongodb://localhost:27017/vidly_test","level":"info"}
{"message":"Connected to mongodb://localhost:27017/vidly_test","level":"info"}
{"message":"Connected to mongodb://localhost:27017/vidly_test","level":"info"}
{"message":"Connected to mongodb://localhost:27017/vidly_test","level":"info"}
{"message":"Connected to mongodb://localhost:27017/vidly_test","level":"info"}
{"message":"Connected to mongodb://localhost:27017/vidly_test","level":"info"}
{"message":"Connected to mongodb://localhost:27017/vidly_test","level":"info"}
{"message":"Connected to mongodb://localhost:27017/vidly_test","level":"info"}
{"message":"Connected to mongodb://localhost:27017/vidly_test","level":"info"}
{"message":"Connected to mongodb://localhost:27017/vidly_test","level":"info"}
{"message":"Connected to mongodb://localhost:27017/vidly_test","level":"info"}
{"message":"Connected to mongodb://localhost:27017/vidly_test","level":"info"}
{"message":"Connected to mongodb://localhost:27017/vidly_test","level":"info"}
{"message":"Connected to mongodb://localhost:27017/vidly_test","level":"info"}
{"message":"Connected to mongodb://localhost:27017/vidly_test","level":"info"}
{"message":"Connected to mongodb://localhost:27017/vidly_test","level":"info"}
{"message":"Connected to mongodb://localhost:27017/vidly_test","level":"info"}
{"message":"Connected to mongodb://localhost:27017/vidly_test","level":"info"}
{"message":"Connected to mongodb://localhost:27017/vidly_test","level":"info"}
{"message":"Connected to mongodb://localhost:27017/vidly_test","level":"info"}
{"message":"Connected to mongodb://localhost:27017/vidly_test","level":"info"}
{"message":"Connected to mongodb://localhost:27017/vidly_test","level":"info"}
{"message":"Connected to mongodb://localhost:27017/vidly_test","level":"info"}
{"message":"Connected to mongodb://localhost:27017/vidly_test","level":"info"}
{"message":"Connected to mongodb://localhost:27017/vidly_test","level":"info"}
{"message":"Connected to mongodb://localhost:27017/vidly_test","level":"info"}
{"message":"Connected to mongodb://localhost:27017/vidly_test","level":"info"}
{"message":"Connected to mongodb://localhost:27017/vidly_test","level":"info"}
{"message":"Connected to mongodb://localhost:27017/vidly_test","level":"info"}
{"message":"Connected to mongodb://localhost:27017/vidly_test","level":"info"}
{"message":"Connected to mongodb://localhost:27017/vidly_test","level":"info"}
{"message":"Connected to mongodb://localhost:27017/vidly_test","level":"info"}
{"message":"Connected to mongodb://localhost:27017/vidly_test","level":"info"}
{"message":"Connected to mongodb://localhost:27017/vidly_test","level":"info"}
{"message":"Connected to mongodb://localhost:27017/vidly_test","level":"info"}
{"message":"Connected to mongodb://localhost:27017/vidly_test","level":"info"}
{"message":"Connected to mongodb://localhost:27017/vidly_test","level":"info"}
{"message":"Connected to mongodb://localhost:27017/vidly_test","level":"info"}
{"message":"Connected to mongodb://localhost:27017/vidly_test","level":"info"}
{"message":"Connected to mongodb://localhost:27017/vidly_test","level":"info"}
{"message":"Connected to mongodb://localhost:27017/vidly_test","level":"info"}
{"message":"Connected to mongodb://localhost:27017/vidly_test","level":"info"}
{"message":"Connected to mongodb://localhost:27017/vidly_test","level":"info"}
{"message":"Connected to mongodb://localhost:27017/vidly_test","level":"info"}
{"message":"Connected to mongodb://localhost:27017/vidly_test","level":"info"}
{"level":"error","message":"moment.diff is not a functionmoment.diff is not a function","stack":"TypeError: moment.diff is not a function\n    at C:\\Users\\WINDOWS\\Documents\\Tutorials\\vidly\\routes\\returns.js:24:31"}
{"level":"error","message":"moment.diff is not a functionmoment.diff is not a function","stack":"TypeError: moment.diff is not a function\n    at C:\\Users\\WINDOWS\\Documents\\Tutorials\\vidly\\routes\\returns.js:24:31"}
{"message":"Connected to mongodb://localhost:27017/vidly_test","level":"info"}
{"message":"Connected to mongodb://localhost:27017/vidly_test","level":"info"}
{"message":"Connected to mongodb://localhost:27017/vidly_test","level":"info"}
{"message":"Connected to mongodb://localhost:27017/vidly_test","level":"info"}
{"message":"Connected to mongodb://localhost:27017/vidly_test","level":"info"}
{"message":"Connected to mongodb://localhost:27017/vidly_test","level":"info"}
{"message":"Connected to mongodb://localhost:27017/vidly_test","level":"info"}
{"message":"Connected to mongodb://localhost:27017/vidly_test","level":"info"}
{"message":"Connected to mongodb://localhost:27017/vidly_test","level":"info"}
{"message":"Connected to mongodb://localhost:27017/vidly_test","level":"info"}
{"message":"Connected to mongodb://localhost:27017/vidly_test","level":"info"}
{"message":"Connected to mongodb://localhost:27017/vidly_test","level":"info"}
{"message":"Connected to mongodb://localhost:27017/vidly_test","level":"info"}
{"message":"Connected to mongodb://localhost:27017/vidly_test","level":"info"}
{"message":"Connected to mongodb://localhost:27017/vidly_test","level":"info"}
{"message":"Connected to mongodb://localhost:27017/vidly_test","level":"info"}
{"message":"Connected to mongodb://localhost:27017/vidly_test","level":"info"}
{"message":"Connected to mongodb://localhost:27017/vidly_test","level":"info"}
{"message":"Connected to mongodb://localhost:27017/vidly_test","level":"info"}
{"message":"Connected to mongodb://localhost:27017/vidly_test","level":"info"}
{"message":"Connected to mongodb://localhost:27017/vidly_test","level":"info"}
{"message":"Connected to mongodb://localhost:27017/vidly","level":"info"}
